
==================================================
>>>> [2026-01-24 16:42:00] [SYSTEM_BOOT] 日志重定向成功
>>>> 进程 ID: 31028
>>>> 运行目录: D:\Github\CyanTooth\src\CyanTooth\bin\x64\Debug\net8.0-windows10.0.22621.0\
==================================================
[2026-01-24 16:42:00] [INFO] ==== App Instance Created ====
[2026-01-24 16:42:00] [INFO] 开始配置依赖注入...
[2026-01-24 16:42:00] [INFO] DI 容器构建完成
[2026-01-24 16:42:00] [INFO] OnStartup 开始执行
[2026-01-24 16:42:00] [INFO] 正在启动 Host...
[2026-01-24 16:42:00] [INFO] Host 已启动
[2026-01-24 16:42:00] [INFO] 正在获取配置并应用主题...
[2026-01-24 16:42:00] [INFO] 正在初始化蓝牙服务...
[2026-01-24 16:42:00] [INFO] 正在创建托盘图标...
[2026-01-24 16:42:00] [INFO] FindEndpointsByMacAddress: looking for MAC=84D3522C2B88, DeviceName=OPPO Enco Air2 Pro
[2026-01-24 16:42:00] [INFO] FindEndpointsByMacAddress: looking for MAC=9505BB2CF7F4, DeviceName=1MORE SonoFlow
[2026-01-24 16:42:00] [INFO] GetBluetoothAudioEndpoints: total audio endpoints=50
[2026-01-24 16:42:00] [INFO] GetBluetoothAudioEndpoints: total audio endpoints=50
[2026-01-24 16:42:00] [INFO] FindEndpointsByMacAddress: looking for MAC=F88F0728041A, DeviceName=Galaxy Buds+ (041A)
[2026-01-24 16:42:00] [INFO] GetBluetoothAudioEndpoints: total audio endpoints=50
[2026-01-24 16:42:00] [INFO] GetBluetoothAudioEndpoints: found BT device, connectedDeviceId={2}.\\?\bthenum#{0000110b-0000-1000-8000-00805f9b34fb}_vid&000102b0_pid&0000#8&1b80f01c&0&84d3522c2b88_c00000000#{6994ad04-93ef-11d0-a3cc-00a0c9223196}\src
[2026-01-24 16:42:00] [INFO] GetBluetoothAudioEndpoints: found BT device, connectedDeviceId={2}.\\?\bthenum#{0000110b-0000-1000-8000-00805f9b34fb}_vid&000102b0_pid&0000#8&1b80f01c&0&84d3522c2b88_c00000000#{6994ad04-93ef-11d0-a3cc-00a0c9223196}\src
[2026-01-24 16:42:00] [INFO] GetBluetoothAudioEndpoints: found BT device, connectedDeviceId={2}.\\?\bthenum#{0000110b-0000-1000-8000-00805f9b34fb}_vid&000102b0_pid&0000#8&1b80f01c&0&84d3522c2b88_c00000000#{6994ad04-93ef-11d0-a3cc-00a0c9223196}\src
[2026-01-24 16:42:00] [INFO] GetBluetoothAudioEndpoints: added endpoint Name=耳机 (OPPO Enco Air2 Pro Stereo), HasKsControl=True
[2026-01-24 16:42:00] [INFO] GetBluetoothAudioEndpoints: added endpoint Name=耳机 (OPPO Enco Air2 Pro Stereo), HasKsControl=True
[2026-01-24 16:42:00] [INFO] GetBluetoothAudioEndpoints: added endpoint Name=耳机 (OPPO Enco Air2 Pro Stereo), HasKsControl=True
[2026-01-24 16:42:00] [INFO] GetBluetoothAudioEndpoints: found BT device, connectedDeviceId={2}.\\?\bthenum#{0000110b-0000-1000-8000-00805f9b34fb}_vid&00010075_pid&a012#8&1b80f01c&0&f88f0728041a_c00000000#{6994ad04-93ef-11d0-a3cc-00a0c9223196}\topology
[2026-01-24 16:42:00] [INFO] GetBluetoothAudioEndpoints: found BT device, connectedDeviceId={2}.\\?\bthenum#{0000110b-0000-1000-8000-00805f9b34fb}_vid&00010075_pid&a012#8&1b80f01c&0&f88f0728041a_c00000000#{6994ad04-93ef-11d0-a3cc-00a0c9223196}\topology
[2026-01-24 16:42:00] [INFO] GetBluetoothAudioEndpoints: found BT device, connectedDeviceId={2}.\\?\bthenum#{0000110b-0000-1000-8000-00805f9b34fb}_vid&00010075_pid&a012#8&1b80f01c&0&f88f0728041a_c00000000#{6994ad04-93ef-11d0-a3cc-00a0c9223196}\topology
[2026-01-24 16:42:00] [INFO] [RegDump] Key: HKEY_LOCAL_MACHINE\SYSTEM\CurrentControlSet\Services\AltA2dp\Parameters\Devices\Current\0000f88f0728041a | Codec=1 (Int32); SbcChannelMode=1 (Int32); SbcSamplingFrequency=2 (Int32); SbcAllocationMethod=2 (Int32); SbcSubbands=1 (Int32); SbcBlockLength=1 (Int32); SbcMinimumBitpool=2 (Int32); SbcMaximumBitpool=37 (Int32); AbrEnable=1 (Int32); SbcUnifiedEpCompat=0 (Int32); AacUnifiedEpCompat=0 (Int32); LdacUnifiedEpCompat=0 (Int32); AptxHdUnifiedEpCompat=0 (Int32); AacChannelMode=4 (Int32); AacSamplingFrequency=16 (Int32); LdacChannelMode=0 (Int32); LdacSamplingFrequency=0 (Int32); LdacSampleFormat=0 (Int32); LdacEqmid=0 (Int32); AptxChannelMode=0 (Int32); AptxSamplingFrequency=0 (Int32); AptxHdChannelMode=0 (Int32); AptxHdSamplingFrequency=0 (Int32); AptxHdSampleFormat=0 (Int32); AptxLlChannelMode=0 (Int32); AptxLlSamplingFrequency=0 (Int32); SbcChannelModeMask=9 (Int32); SbcSamplingFrequencyMask=3 (Int32); AacChannelModeMask=12 (Int32); AacSamplingFrequencyMask=24 (Int32); LdacChannelModeMask=0 (Int32); LdacSamplingFrequencyMask=0 (Int32); LdacSampleFormatMask=0 (Int32); AptxChannelModeMask=0 (Int32); AptxSamplingFrequencyMask=0 (Int32); AptxHdChannelModeMask=0 (Int32); AptxHdSamplingFrequencyMask=0 (Int32); AptxHdSampleFormatMask=0 (Int32); AptxLlChannelModeMask=0 (Int32); AptxLlSamplingFrequencyMask=0 (Int32); Opened=1 (Int32); Bitrate=239793 (Int32); ScoActive=0 (Int32); Delay=2700 (Int32); Error=0 (Int32); 
[2026-01-24 16:42:00] [INFO] [RegDump] Key: HKEY_LOCAL_MACHINE\SYSTEM\CurrentControlSet\Services\AltA2dp\Parameters\Devices\Current\0000f88f0728041a | Codec=1 (Int32); SbcChannelMode=1 (Int32); SbcSamplingFrequency=2 (Int32); SbcAllocationMethod=2 (Int32); SbcSubbands=1 (Int32); SbcBlockLength=1 (Int32); SbcMinimumBitpool=2 (Int32); SbcMaximumBitpool=37 (Int32); AbrEnable=1 (Int32); SbcUnifiedEpCompat=0 (Int32); AacUnifiedEpCompat=0 (Int32); LdacUnifiedEpCompat=0 (Int32); AptxHdUnifiedEpCompat=0 (Int32); AacChannelMode=4 (Int32); AacSamplingFrequency=16 (Int32); LdacChannelMode=0 (Int32); LdacSamplingFrequency=0 (Int32); LdacSampleFormat=0 (Int32); LdacEqmid=0 (Int32); AptxChannelMode=0 (Int32); AptxSamplingFrequency=0 (Int32); AptxHdChannelMode=0 (Int32); AptxHdSamplingFrequency=0 (Int32); AptxHdSampleFormat=0 (Int32); AptxLlChannelMode=0 (Int32); AptxLlSamplingFrequency=0 (Int32); SbcChannelModeMask=9 (Int32); SbcSamplingFrequencyMask=3 (Int32); AacChannelModeMask=12 (Int32); AacSamplingFrequencyMask=24 (Int32); LdacChannelModeMask=0 (Int32); LdacSamplingFrequencyMask=0 (Int32); LdacSampleFormatMask=0 (Int32); AptxChannelModeMask=0 (Int32); AptxSamplingFrequencyMask=0 (Int32); AptxHdChannelModeMask=0 (Int32); AptxHdSamplingFrequencyMask=0 (Int32); AptxHdSampleFormatMask=0 (Int32); AptxLlChannelModeMask=0 (Int32); AptxLlSamplingFrequencyMask=0 (Int32); Opened=1 (Int32); Bitrate=239793 (Int32); ScoActive=0 (Int32); Delay=2700 (Int32); Error=0 (Int32); 
[2026-01-24 16:42:00] [INFO] [RegDump] Key: HKEY_LOCAL_MACHINE\SYSTEM\CurrentControlSet\Services\AltA2dp\Parameters\Devices\Current\0000f88f0728041a | Codec=1 (Int32); SbcChannelMode=1 (Int32); SbcSamplingFrequency=2 (Int32); SbcAllocationMethod=2 (Int32); SbcSubbands=1 (Int32); SbcBlockLength=1 (Int32); SbcMinimumBitpool=2 (Int32); SbcMaximumBitpool=37 (Int32); AbrEnable=1 (Int32); SbcUnifiedEpCompat=0 (Int32); AacUnifiedEpCompat=0 (Int32); LdacUnifiedEpCompat=0 (Int32); AptxHdUnifiedEpCompat=0 (Int32); AacChannelMode=4 (Int32); AacSamplingFrequency=16 (Int32); LdacChannelMode=0 (Int32); LdacSamplingFrequency=0 (Int32); LdacSampleFormat=0 (Int32); LdacEqmid=0 (Int32); AptxChannelMode=0 (Int32); AptxSamplingFrequency=0 (Int32); AptxHdChannelMode=0 (Int32); AptxHdSamplingFrequency=0 (Int32); AptxHdSampleFormat=0 (Int32); AptxLlChannelMode=0 (Int32); AptxLlSamplingFrequency=0 (Int32); SbcChannelModeMask=9 (Int32); SbcSamplingFrequencyMask=3 (Int32); AacChannelModeMask=12 (Int32); AacSamplingFrequencyMask=24 (Int32); LdacChannelModeMask=0 (Int32); LdacSamplingFrequencyMask=0 (Int32); LdacSampleFormatMask=0 (Int32); AptxChannelModeMask=0 (Int32); AptxSamplingFrequencyMask=0 (Int32); AptxHdChannelModeMask=0 (Int32); AptxHdSamplingFrequencyMask=0 (Int32); AptxHdSampleFormatMask=0 (Int32); AptxLlChannelModeMask=0 (Int32); AptxLlSamplingFrequencyMask=0 (Int32); Opened=1 (Int32); Bitrate=239793 (Int32); ScoActive=0 (Int32); Delay=2700 (Int32); Error=0 (Int32); 
[2026-01-24 16:42:00] [INFO] GetBluetoothAudioEndpoints: Found AltA2DP Codec=AAC for 耳机 (Galaxy Buds+ (041A) Stereo)
[2026-01-24 16:42:00] [INFO] GetBluetoothAudioEndpoints: Found AltA2DP Codec=AAC for 耳机 (Galaxy Buds+ (041A) Stereo)
[2026-01-24 16:42:00] [INFO] GetBluetoothAudioEndpoints: Found AltA2DP Codec=AAC for 耳机 (Galaxy Buds+ (041A) Stereo)
[2026-01-24 16:42:00] [INFO] GetBluetoothAudioEndpoints: added endpoint Name=耳机 (Galaxy Buds+ (041A) Stereo), HasKsControl=True
[2026-01-24 16:42:00] [INFO] GetBluetoothAudioEndpoints: added endpoint Name=耳机 (Galaxy Buds+ (041A) Stereo), HasKsControl=True
[2026-01-24 16:42:00] [INFO] GetBluetoothAudioEndpoints: added endpoint Name=耳机 (Galaxy Buds+ (041A) Stereo), HasKsControl=True
[2026-01-24 16:42:00] [INFO] 启动模式: 最小化
[2026-01-24 16:42:00] [INFO] 程序进入空闲循环
[2026-01-24 16:42:00] [INFO] FindEndpointsByMacAddress: looking for MAC=1A53ACD84E27, DeviceName=Xbox Wireless Controller
[2026-01-24 16:42:00] [INFO] GetBluetoothAudioEndpoints: total audio endpoints=50
[2026-01-24 16:42:00] [INFO] GetBluetoothAudioEndpoints: found BT device, connectedDeviceId={2}.\\?\bthenum#{0000110b-0000-1000-8000-00805f9b34fb}_vid&000102b0_pid&0000#8&1b80f01c&0&84d3522c2b88_c00000000#{6994ad04-93ef-11d0-a3cc-00a0c9223196}\src
[2026-01-24 16:42:00] [INFO] GetBluetoothAudioEndpoints: added endpoint Name=耳机 (OPPO Enco Air2 Pro Stereo), HasKsControl=True
[2026-01-24 16:42:00] [INFO] GetBluetoothAudioEndpoints: found BT device, connectedDeviceId={2}.\\?\bthenum#{0000110b-0000-1000-8000-00805f9b34fb}_vid&00010075_pid&a012#8&1b80f01c&0&f88f0728041a_c00000000#{6994ad04-93ef-11d0-a3cc-00a0c9223196}\topology
[2026-01-24 16:42:00] [INFO] [RegDump] Key: HKEY_LOCAL_MACHINE\SYSTEM\CurrentControlSet\Services\AltA2dp\Parameters\Devices\Current\0000f88f0728041a | Codec=1 (Int32); SbcChannelMode=1 (Int32); SbcSamplingFrequency=2 (Int32); SbcAllocationMethod=2 (Int32); SbcSubbands=1 (Int32); SbcBlockLength=1 (Int32); SbcMinimumBitpool=2 (Int32); SbcMaximumBitpool=37 (Int32); AbrEnable=1 (Int32); SbcUnifiedEpCompat=0 (Int32); AacUnifiedEpCompat=0 (Int32); LdacUnifiedEpCompat=0 (Int32); AptxHdUnifiedEpCompat=0 (Int32); AacChannelMode=4 (Int32); AacSamplingFrequency=16 (Int32); LdacChannelMode=0 (Int32); LdacSamplingFrequency=0 (Int32); LdacSampleFormat=0 (Int32); LdacEqmid=0 (Int32); AptxChannelMode=0 (Int32); AptxSamplingFrequency=0 (Int32); AptxHdChannelMode=0 (Int32); AptxHdSamplingFrequency=0 (Int32); AptxHdSampleFormat=0 (Int32); AptxLlChannelMode=0 (Int32); AptxLlSamplingFrequency=0 (Int32); SbcChannelModeMask=9 (Int32); SbcSamplingFrequencyMask=3 (Int32); AacChannelModeMask=12 (Int32); AacSamplingFrequencyMask=24 (Int32); LdacChannelModeMask=0 (Int32); LdacSamplingFrequencyMask=0 (Int32); LdacSampleFormatMask=0 (Int32); AptxChannelModeMask=0 (Int32); AptxSamplingFrequencyMask=0 (Int32); AptxHdChannelModeMask=0 (Int32); AptxHdSamplingFrequencyMask=0 (Int32); AptxHdSampleFormatMask=0 (Int32); AptxLlChannelModeMask=0 (Int32); AptxLlSamplingFrequencyMask=0 (Int32); Opened=1 (Int32); Bitrate=239793 (Int32); ScoActive=0 (Int32); Delay=2700 (Int32); Error=0 (Int32); 
[2026-01-24 16:42:00] [INFO] GetBluetoothAudioEndpoints: Found AltA2DP Codec=AAC for 耳机 (Galaxy Buds+ (041A) Stereo)
[2026-01-24 16:42:00] [INFO] GetBluetoothAudioEndpoints: added endpoint Name=耳机 (Galaxy Buds+ (041A) Stereo), HasKsControl=True
[2026-01-24 16:42:00] [INFO] GetBluetoothAudioEndpoints: found BT device, connectedDeviceId={2}.\\?\bthhfenum#bthhfpaudio#9&1d57f339&0&97#{6994ad04-93ef-11d0-a3cc-00a0c9223196}\wave
[2026-01-24 16:42:00] [INFO] GetBluetoothAudioEndpoints: found BT device, connectedDeviceId={2}.\\?\bthhfenum#bthhfpaudio#9&1d57f339&0&97#{6994ad04-93ef-11d0-a3cc-00a0c9223196}\wave
[2026-01-24 16:42:00] [INFO] GetBluetoothAudioEndpoints: found BT device, connectedDeviceId={2}.\\?\bthhfenum#bthhfpaudio#9&1d57f339&0&97#{6994ad04-93ef-11d0-a3cc-00a0c9223196}\wave
[2026-01-24 16:42:00] [INFO] GetBluetoothAudioEndpoints: found BT device, connectedDeviceId={2}.\\?\bthhfenum#bthhfpaudio#9&1d57f339&0&97#{6994ad04-93ef-11d0-a3cc-00a0c9223196}\wave
[2026-01-24 16:42:00] [INFO] GetBluetoothAudioEndpoints: added endpoint Name=耳机 (OPPO Enco Air2 Pro Hands-Free AG Audio), HasKsControl=True
[2026-01-24 16:42:00] [INFO] GetBluetoothAudioEndpoints: added endpoint Name=耳机 (OPPO Enco Air2 Pro Hands-Free AG Audio), HasKsControl=True
[2026-01-24 16:42:00] [INFO] GetBluetoothAudioEndpoints: added endpoint Name=耳机 (OPPO Enco Air2 Pro Hands-Free AG Audio), HasKsControl=True
[2026-01-24 16:42:00] [INFO] GetBluetoothAudioEndpoints: added endpoint Name=耳机 (OPPO Enco Air2 Pro Hands-Free AG Audio), HasKsControl=True
[2026-01-24 16:42:00] [INFO] GetBluetoothAudioEndpoints: found BT device, connectedDeviceId={2}.\\?\bthhfenum#bthhfpaudio#9&20ac8014&9&97#{6994ad04-93ef-11d0-a3cc-00a0c9223196}\wave
[2026-01-24 16:42:00] [INFO] GetBluetoothAudioEndpoints: found BT device, connectedDeviceId={2}.\\?\bthhfenum#bthhfpaudio#9&20ac8014&9&97#{6994ad04-93ef-11d0-a3cc-00a0c9223196}\wave
[2026-01-24 16:42:00] [INFO] GetBluetoothAudioEndpoints: found BT device, connectedDeviceId={2}.\\?\bthhfenum#bthhfpaudio#9&20ac8014&9&97#{6994ad04-93ef-11d0-a3cc-00a0c9223196}\wave
[2026-01-24 16:42:00] [INFO] GetBluetoothAudioEndpoints: added endpoint Name=耳机 (1MORE SonoFlow Hands-Free AG Audio), HasKsControl=True
[2026-01-24 16:42:00] [INFO] GetBluetoothAudioEndpoints: found BT device, connectedDeviceId={2}.\\?\bthhfenum#bthhfpaudio#9&20ac8014&9&97#{6994ad04-93ef-11d0-a3cc-00a0c9223196}\wave
[2026-01-24 16:42:00] [INFO] GetBluetoothAudioEndpoints: added endpoint Name=耳机 (1MORE SonoFlow Hands-Free AG Audio), HasKsControl=True
[2026-01-24 16:42:00] [INFO] GetBluetoothAudioEndpoints: added endpoint Name=耳机 (1MORE SonoFlow Hands-Free AG Audio), HasKsControl=True
[2026-01-24 16:42:00] [INFO] GetBluetoothAudioEndpoints: added endpoint Name=耳机 (1MORE SonoFlow Hands-Free AG Audio), HasKsControl=True
[2026-01-24 16:42:00] [INFO] GetBluetoothAudioEndpoints: found BT device, connectedDeviceId={2}.\\?\bthhfenum#bthhfpaudio#9&12f32910&f&97#{6994ad04-93ef-11d0-a3cc-00a0c9223196}\wave
[2026-01-24 16:42:00] [INFO] GetBluetoothAudioEndpoints: found BT device, connectedDeviceId={2}.\\?\bthhfenum#bthhfpaudio#9&12f32910&f&97#{6994ad04-93ef-11d0-a3cc-00a0c9223196}\wave
[2026-01-24 16:42:00] [INFO] GetBluetoothAudioEndpoints: added endpoint Name=耳机 (Galaxy Buds+ (041A) Hands-Free AG Audio), HasKsControl=True
[2026-01-24 16:42:00] [INFO] GetBluetoothAudioEndpoints: found BT device, connectedDeviceId={2}.\\?\bthhfenum#bthhfpaudio#9&12f32910&f&97#{6994ad04-93ef-11d0-a3cc-00a0c9223196}\wave
[2026-01-24 16:42:00] [INFO] GetBluetoothAudioEndpoints: added endpoint Name=耳机 (Galaxy Buds+ (041A) Hands-Free AG Audio), HasKsControl=True
[2026-01-24 16:42:00] [INFO] GetBluetoothAudioEndpoints: found BT device, connectedDeviceId={2}.\\?\bthhfenum#bthhfpaudio#9&12f32910&f&97#{6994ad04-93ef-11d0-a3cc-00a0c9223196}\wave
[2026-01-24 16:42:00] [INFO] GetBluetoothAudioEndpoints: added endpoint Name=耳机 (Galaxy Buds+ (041A) Hands-Free AG Audio), HasKsControl=True
[2026-01-24 16:42:00] [INFO] GetBluetoothAudioEndpoints: added endpoint Name=耳机 (Galaxy Buds+ (041A) Hands-Free AG Audio), HasKsControl=True
[2026-01-24 16:42:00] [INFO] GetBluetoothAudioEndpoints: found BT device, connectedDeviceId={2}.\\?\bthenum#{0000110b-0000-1000-8000-00805f9b34fb}_localmfg&001d#8&1b80f01c&0&9505bb2cf7f4_c00000000#{6994ad04-93ef-11d0-a3cc-00a0c9223196}\topology
[2026-01-24 16:42:00] [INFO] GetBluetoothAudioEndpoints: found BT device, connectedDeviceId={2}.\\?\bthenum#{0000110b-0000-1000-8000-00805f9b34fb}_localmfg&001d#8&1b80f01c&0&9505bb2cf7f4_c00000000#{6994ad04-93ef-11d0-a3cc-00a0c9223196}\topology
[2026-01-24 16:42:00] [INFO] GetBluetoothAudioEndpoints: found BT device, connectedDeviceId={2}.\\?\bthenum#{0000110b-0000-1000-8000-00805f9b34fb}_localmfg&001d#8&1b80f01c&0&9505bb2cf7f4_c00000000#{6994ad04-93ef-11d0-a3cc-00a0c9223196}\topology
[2026-01-24 16:42:00] [INFO] [RegDump] Key: HKEY_LOCAL_MACHINE\SYSTEM\CurrentControlSet\Services\AltA2dp\Parameters\Devices\Current\00009505bb2cf7f4 | Codec=4 (Int32); SbcChannelMode=1 (Int32); SbcSamplingFrequency=2 (Int32); SbcAllocationMethod=1 (Int32); SbcSubbands=1 (Int32); SbcBlockLength=1 (Int32); SbcMinimumBitpool=2 (Int32); SbcMaximumBitpool=52 (Int32); AbrEnable=1 (Int32); SbcUnifiedEpCompat=0 (Int32); AacUnifiedEpCompat=0 (Int32); LdacUnifiedEpCompat=0 (Int32); AptxHdUnifiedEpCompat=0 (Int32); AacChannelMode=4 (Int32); AacSamplingFrequency=16 (Int32); LdacChannelMode=1 (Int32); LdacSamplingFrequency=16 (Int32); LdacSampleFormat=1 (Int32); LdacEqmid=0 (Int32); AptxChannelMode=0 (Int32); AptxSamplingFrequency=0 (Int32); AptxHdChannelMode=0 (Int32); AptxHdSamplingFrequency=0 (Int32); AptxHdSampleFormat=0 (Int32); AptxLlChannelMode=0 (Int32); AptxLlSamplingFrequency=0 (Int32); SbcChannelModeMask=1 (Int32); SbcSamplingFrequencyMask=2 (Int32); AacChannelModeMask=12 (Int32); AacSamplingFrequencyMask=24 (Int32); LdacChannelModeMask=5 (Int32); LdacSamplingFrequencyMask=52 (Int32); LdacSampleFormatMask=3 (Int32); AptxChannelModeMask=0 (Int32); AptxSamplingFrequencyMask=0 (Int32); AptxHdChannelModeMask=0 (Int32); AptxHdSamplingFrequencyMask=0 (Int32); AptxHdSampleFormatMask=0 (Int32); AptxLlChannelModeMask=0 (Int32); AptxLlSamplingFrequencyMask=0 (Int32); Opened=1 (Int32); Bitrate=492000 (Int32); ScoActive=0 (Int32); Delay=1500 (Int32); Error=0 (Int32); 
[2026-01-24 16:42:00] [INFO] GetBluetoothAudioEndpoints: found BT device, connectedDeviceId={2}.\\?\bthenum#{0000110b-0000-1000-8000-00805f9b34fb}_localmfg&001d#8&1b80f01c&0&9505bb2cf7f4_c00000000#{6994ad04-93ef-11d0-a3cc-00a0c9223196}\topology
[2026-01-24 16:42:00] [INFO] [RegDump] Key: HKEY_LOCAL_MACHINE\SYSTEM\CurrentControlSet\Services\AltA2dp\Parameters\Devices\Current\00009505bb2cf7f4 | Codec=4 (Int32); SbcChannelMode=1 (Int32); SbcSamplingFrequency=2 (Int32); SbcAllocationMethod=1 (Int32); SbcSubbands=1 (Int32); SbcBlockLength=1 (Int32); SbcMinimumBitpool=2 (Int32); SbcMaximumBitpool=52 (Int32); AbrEnable=1 (Int32); SbcUnifiedEpCompat=0 (Int32); AacUnifiedEpCompat=0 (Int32); LdacUnifiedEpCompat=0 (Int32); AptxHdUnifiedEpCompat=0 (Int32); AacChannelMode=4 (Int32); AacSamplingFrequency=16 (Int32); LdacChannelMode=1 (Int32); LdacSamplingFrequency=16 (Int32); LdacSampleFormat=1 (Int32); LdacEqmid=0 (Int32); AptxChannelMode=0 (Int32); AptxSamplingFrequency=0 (Int32); AptxHdChannelMode=0 (Int32); AptxHdSamplingFrequency=0 (Int32); AptxHdSampleFormat=0 (Int32); AptxLlChannelMode=0 (Int32); AptxLlSamplingFrequency=0 (Int32); SbcChannelModeMask=1 (Int32); SbcSamplingFrequencyMask=2 (Int32); AacChannelModeMask=12 (Int32); AacSamplingFrequencyMask=24 (Int32); LdacChannelModeMask=5 (Int32); LdacSamplingFrequencyMask=52 (Int32); LdacSampleFormatMask=3 (Int32); AptxChannelModeMask=0 (Int32); AptxSamplingFrequencyMask=0 (Int32); AptxHdChannelModeMask=0 (Int32); AptxHdSamplingFrequencyMask=0 (Int32); AptxHdSampleFormatMask=0 (Int32); AptxLlChannelModeMask=0 (Int32); AptxLlSamplingFrequencyMask=0 (Int32); Opened=1 (Int32); Bitrate=492000 (Int32); ScoActive=0 (Int32); Delay=1500 (Int32); Error=0 (Int32); 
[2026-01-24 16:42:00] [INFO] GetBluetoothAudioEndpoints: Found AltA2DP Codec=LDAC for 耳机 (1MORE SonoFlow Stereo)
[2026-01-24 16:42:00] [INFO] [RegDump] Key: HKEY_LOCAL_MACHINE\SYSTEM\CurrentControlSet\Services\AltA2dp\Parameters\Devices\Current\00009505bb2cf7f4 | Codec=4 (Int32); SbcChannelMode=1 (Int32); SbcSamplingFrequency=2 (Int32); SbcAllocationMethod=1 (Int32); SbcSubbands=1 (Int32); SbcBlockLength=1 (Int32); SbcMinimumBitpool=2 (Int32); SbcMaximumBitpool=52 (Int32); AbrEnable=1 (Int32); SbcUnifiedEpCompat=0 (Int32); AacUnifiedEpCompat=0 (Int32); LdacUnifiedEpCompat=0 (Int32); AptxHdUnifiedEpCompat=0 (Int32); AacChannelMode=4 (Int32); AacSamplingFrequency=16 (Int32); LdacChannelMode=1 (Int32); LdacSamplingFrequency=16 (Int32); LdacSampleFormat=1 (Int32); LdacEqmid=0 (Int32); AptxChannelMode=0 (Int32); AptxSamplingFrequency=0 (Int32); AptxHdChannelMode=0 (Int32); AptxHdSamplingFrequency=0 (Int32); AptxHdSampleFormat=0 (Int32); AptxLlChannelMode=0 (Int32); AptxLlSamplingFrequency=0 (Int32); SbcChannelModeMask=1 (Int32); SbcSamplingFrequencyMask=2 (Int32); AacChannelModeMask=12 (Int32); AacSamplingFrequencyMask=24 (Int32); LdacChannelModeMask=5 (Int32); LdacSamplingFrequencyMask=52 (Int32); LdacSampleFormatMask=3 (Int32); AptxChannelModeMask=0 (Int32); AptxSamplingFrequencyMask=0 (Int32); AptxHdChannelModeMask=0 (Int32); AptxHdSamplingFrequencyMask=0 (Int32); AptxHdSampleFormatMask=0 (Int32); AptxLlChannelModeMask=0 (Int32); AptxLlSamplingFrequencyMask=0 (Int32); Opened=1 (Int32); Bitrate=492000 (Int32); ScoActive=0 (Int32); Delay=1500 (Int32); Error=0 (Int32); 
[2026-01-24 16:42:00] [INFO] [RegDump] Key: HKEY_LOCAL_MACHINE\SYSTEM\CurrentControlSet\Services\AltA2dp\Parameters\Devices\Current\00009505bb2cf7f4 | Codec=4 (Int32); SbcChannelMode=1 (Int32); SbcSamplingFrequency=2 (Int32); SbcAllocationMethod=1 (Int32); SbcSubbands=1 (Int32); SbcBlockLength=1 (Int32); SbcMinimumBitpool=2 (Int32); SbcMaximumBitpool=52 (Int32); AbrEnable=1 (Int32); SbcUnifiedEpCompat=0 (Int32); AacUnifiedEpCompat=0 (Int32); LdacUnifiedEpCompat=0 (Int32); AptxHdUnifiedEpCompat=0 (Int32); AacChannelMode=4 (Int32); AacSamplingFrequency=16 (Int32); LdacChannelMode=1 (Int32); LdacSamplingFrequency=16 (Int32); LdacSampleFormat=1 (Int32); LdacEqmid=0 (Int32); AptxChannelMode=0 (Int32); AptxSamplingFrequency=0 (Int32); AptxHdChannelMode=0 (Int32); AptxHdSamplingFrequency=0 (Int32); AptxHdSampleFormat=0 (Int32); AptxLlChannelMode=0 (Int32); AptxLlSamplingFrequency=0 (Int32); SbcChannelModeMask=1 (Int32); SbcSamplingFrequencyMask=2 (Int32); AacChannelModeMask=12 (Int32); AacSamplingFrequencyMask=24 (Int32); LdacChannelModeMask=5 (Int32); LdacSamplingFrequencyMask=52 (Int32); LdacSampleFormatMask=3 (Int32); AptxChannelModeMask=0 (Int32); AptxSamplingFrequencyMask=0 (Int32); AptxHdChannelModeMask=0 (Int32); AptxHdSamplingFrequencyMask=0 (Int32); AptxHdSampleFormatMask=0 (Int32); AptxLlChannelModeMask=0 (Int32); AptxLlSamplingFrequencyMask=0 (Int32); Opened=1 (Int32); Bitrate=492000 (Int32); ScoActive=0 (Int32); Delay=1500 (Int32); Error=0 (Int32); 
[2026-01-24 16:42:00] [INFO] GetBluetoothAudioEndpoints: Found AltA2DP Codec=LDAC for 耳机 (1MORE SonoFlow Stereo)
[2026-01-24 16:42:00] [INFO] GetBluetoothAudioEndpoints: added endpoint Name=耳机 (1MORE SonoFlow Stereo), HasKsControl=True
[2026-01-24 16:42:00] [INFO] GetBluetoothAudioEndpoints: Found AltA2DP Codec=LDAC for 耳机 (1MORE SonoFlow Stereo)
[2026-01-24 16:42:00] [INFO] GetBluetoothAudioEndpoints: added endpoint Name=耳机 (1MORE SonoFlow Stereo), HasKsControl=True
[2026-01-24 16:42:00] [INFO] GetBluetoothAudioEndpoints: added endpoint Name=耳机 (1MORE SonoFlow Stereo), HasKsControl=True
[2026-01-24 16:42:00] [INFO] GetBluetoothAudioEndpoints: Found AltA2DP Codec=LDAC for 耳机 (1MORE SonoFlow Stereo)
[2026-01-24 16:42:00] [INFO] GetBluetoothAudioEndpoints: added endpoint Name=耳机 (1MORE SonoFlow Stereo), HasKsControl=True
[2026-01-24 16:42:00] [INFO] GetBluetoothAudioEndpoints: found BT device, connectedDeviceId={2}.\\?\bthhfenum#bthhfpaudio#9&12f32910&f&97#{6994ad04-93ef-11d0-a3cc-00a0c9223196}\wave
[2026-01-24 16:42:00] [INFO] GetBluetoothAudioEndpoints: found BT device, connectedDeviceId={2}.\\?\bthhfenum#bthhfpaudio#9&12f32910&f&97#{6994ad04-93ef-11d0-a3cc-00a0c9223196}\wave
[2026-01-24 16:42:00] [INFO] GetBluetoothAudioEndpoints: added endpoint Name=耳机 (Galaxy Buds+ (041A) Hands-Free AG Audio), HasKsControl=True
[2026-01-24 16:42:00] [INFO] GetBluetoothAudioEndpoints: found BT device, connectedDeviceId={2}.\\?\bthhfenum#bthhfpaudio#9&12f32910&f&97#{6994ad04-93ef-11d0-a3cc-00a0c9223196}\wave
[2026-01-24 16:42:00] [INFO] GetBluetoothAudioEndpoints: found BT device, connectedDeviceId={2}.\\?\bthhfenum#bthhfpaudio#9&12f32910&f&97#{6994ad04-93ef-11d0-a3cc-00a0c9223196}\wave
[2026-01-24 16:42:00] [INFO] GetBluetoothAudioEndpoints: added endpoint Name=耳机 (Galaxy Buds+ (041A) Hands-Free AG Audio), HasKsControl=True
[2026-01-24 16:42:00] [INFO] GetBluetoothAudioEndpoints: added endpoint Name=耳机 (Galaxy Buds+ (041A) Hands-Free AG Audio), HasKsControl=True
[2026-01-24 16:42:00] [INFO] GetBluetoothAudioEndpoints: added endpoint Name=耳机 (Galaxy Buds+ (041A) Hands-Free AG Audio), HasKsControl=True
[2026-01-24 16:42:00] [INFO] GetBluetoothAudioEndpoints: found BT device, connectedDeviceId={2}.\\?\bthhfenum#bthhfpaudio#9&20ac8014&9&97#{6994ad04-93ef-11d0-a3cc-00a0c9223196}\wave
[2026-01-24 16:42:00] [INFO] GetBluetoothAudioEndpoints: added endpoint Name=耳机 (1MORE SonoFlow Hands-Free AG Audio), HasKsControl=True
[2026-01-24 16:42:00] [INFO] GetBluetoothAudioEndpoints: found BT device, connectedDeviceId={2}.\\?\bthhfenum#bthhfpaudio#9&20ac8014&9&97#{6994ad04-93ef-11d0-a3cc-00a0c9223196}\wave
[2026-01-24 16:42:00] [INFO] GetBluetoothAudioEndpoints: found BT device, connectedDeviceId={2}.\\?\bthhfenum#bthhfpaudio#9&20ac8014&9&97#{6994ad04-93ef-11d0-a3cc-00a0c9223196}\wave
[2026-01-24 16:42:00] [INFO] GetBluetoothAudioEndpoints: added endpoint Name=耳机 (1MORE SonoFlow Hands-Free AG Audio), HasKsControl=True
[2026-01-24 16:42:00] [INFO] GetBluetoothAudioEndpoints: found BT device, connectedDeviceId={2}.\\?\bthhfenum#bthhfpaudio#9&20ac8014&9&97#{6994ad04-93ef-11d0-a3cc-00a0c9223196}\wave
[2026-01-24 16:42:00] [INFO] GetBluetoothAudioEndpoints: added endpoint Name=耳机 (1MORE SonoFlow Hands-Free AG Audio), HasKsControl=True
[2026-01-24 16:42:00] [INFO] GetBluetoothAudioEndpoints: added endpoint Name=耳机 (1MORE SonoFlow Hands-Free AG Audio), HasKsControl=True
[2026-01-24 16:42:00] [INFO] GetBluetoothAudioEndpoints: found BT device, connectedDeviceId={2}.\\?\bthhfenum#bthhfpaudio#9&1d57f339&0&97#{6994ad04-93ef-11d0-a3cc-00a0c9223196}\wave
[2026-01-24 16:42:00] [INFO] GetBluetoothAudioEndpoints: found BT device, connectedDeviceId={2}.\\?\bthhfenum#bthhfpaudio#9&1d57f339&0&97#{6994ad04-93ef-11d0-a3cc-00a0c9223196}\wave
[2026-01-24 16:42:00] [INFO] GetBluetoothAudioEndpoints: found BT device, connectedDeviceId={2}.\\?\bthhfenum#bthhfpaudio#9&1d57f339&0&97#{6994ad04-93ef-11d0-a3cc-00a0c9223196}\wave
[2026-01-24 16:42:00] [INFO] GetBluetoothAudioEndpoints: found BT device, connectedDeviceId={2}.\\?\bthhfenum#bthhfpaudio#9&1d57f339&0&97#{6994ad04-93ef-11d0-a3cc-00a0c9223196}\wave
[2026-01-24 16:42:00] [INFO] GetBluetoothAudioEndpoints: added endpoint Name=耳机 (OPPO Enco Air2 Pro Hands-Free AG Audio), HasKsControl=True
[2026-01-24 16:42:00] [INFO] GetBluetoothAudioEndpoints: added endpoint Name=耳机 (OPPO Enco Air2 Pro Hands-Free AG Audio), HasKsControl=True
[2026-01-24 16:42:00] [INFO] GetBluetoothAudioEndpoints: added endpoint Name=耳机 (OPPO Enco Air2 Pro Hands-Free AG Audio), HasKsControl=True
[2026-01-24 16:42:00] [INFO] GetBluetoothAudioEndpoints: added endpoint Name=耳机 (OPPO Enco Air2 Pro Hands-Free AG Audio), HasKsControl=True
[2026-01-24 16:42:01] [INFO] GetBluetoothAudioEndpoints: returning 9 endpoints
[2026-01-24 16:42:01] [INFO] GetBluetoothAudioEndpoints: returning 9 endpoints
[2026-01-24 16:42:01] [INFO] FindEndpointsByMacAddress: found 9 BT endpoints total
[2026-01-24 16:42:01] [INFO] FindEndpointsByMacAddress: found 9 BT endpoints total
[2026-01-24 16:42:01] [INFO] FindEndpointsByMacAddress: endpoint Name=耳机 (OPPO Enco Air2 Pro Stereo), ConnectedDeviceId={2}.\\?\bthenum#{0000110b-0000-1000-8000-00805f9b34fb}_vid&000102b0_pid&0000#8&1b80f01c&0&84d3522c2b88_c00000000#{6994ad04-93ef-11d0-a3cc-00a0c9223196}\src
[2026-01-24 16:42:01] [INFO] FindEndpointsByMacAddress: endpoint Name=耳机 (Galaxy Buds+ (041A) Stereo), ConnectedDeviceId={2}.\\?\bthenum#{0000110b-0000-1000-8000-00805f9b34fb}_vid&00010075_pid&a012#8&1b80f01c&0&f88f0728041a_c00000000#{6994ad04-93ef-11d0-a3cc-00a0c9223196}\topology
[2026-01-24 16:42:01] [INFO] FindEndpointsByMacAddress: endpoint Name=耳机 (OPPO Enco Air2 Pro Hands-Free AG Audio), ConnectedDeviceId={2}.\\?\bthhfenum#bthhfpaudio#9&1d57f339&0&97#{6994ad04-93ef-11d0-a3cc-00a0c9223196}\wave
[2026-01-24 16:42:01] [INFO] FindEndpointsByMacAddress: endpoint Name=耳机 (1MORE SonoFlow Hands-Free AG Audio), ConnectedDeviceId={2}.\\?\bthhfenum#bthhfpaudio#9&20ac8014&9&97#{6994ad04-93ef-11d0-a3cc-00a0c9223196}\wave
[2026-01-24 16:42:01] [INFO] FindEndpointsByMacAddress: endpoint Name=耳机 (Galaxy Buds+ (041A) Hands-Free AG Audio), ConnectedDeviceId={2}.\\?\bthhfenum#bthhfpaudio#9&12f32910&f&97#{6994ad04-93ef-11d0-a3cc-00a0c9223196}\wave
[2026-01-24 16:42:01] [INFO] FindEndpointsByMacAddress: endpoint Name=耳机 (1MORE SonoFlow Stereo), ConnectedDeviceId={2}.\\?\bthenum#{0000110b-0000-1000-8000-00805f9b34fb}_localmfg&001d#8&1b80f01c&0&9505bb2cf7f4_c00000000#{6994ad04-93ef-11d0-a3cc-00a0c9223196}\topology
[2026-01-24 16:42:01] [INFO] FindEndpointsByMacAddress: endpoint Name=耳机 (Galaxy Buds+ (041A) Hands-Free AG Audio), ConnectedDeviceId={2}.\\?\bthhfenum#bthhfpaudio#9&12f32910&f&97#{6994ad04-93ef-11d0-a3cc-00a0c9223196}\wave
[2026-01-24 16:42:01] [INFO] FindEndpointsByMacAddress: endpoint Name=耳机 (1MORE SonoFlow Hands-Free AG Audio), ConnectedDeviceId={2}.\\?\bthhfenum#bthhfpaudio#9&20ac8014&9&97#{6994ad04-93ef-11d0-a3cc-00a0c9223196}\wave
[2026-01-24 16:42:01] [INFO] FindEndpointsByMacAddress: endpoint Name=耳机 (OPPO Enco Air2 Pro Hands-Free AG Audio), ConnectedDeviceId={2}.\\?\bthhfenum#bthhfpaudio#9&1d57f339&0&97#{6994ad04-93ef-11d0-a3cc-00a0c9223196}\wave
[2026-01-24 16:42:01] [INFO] GetBluetoothAudioEndpoints: returning 9 endpoints
[2026-01-24 16:42:01] [INFO] FindEndpointsByMacAddress: found 9 BT endpoints total
[2026-01-24 16:42:01] [INFO] FindEndpointsByMacAddress: endpoint Name=耳机 (OPPO Enco Air2 Pro Stereo), ConnectedDeviceId={2}.\\?\bthenum#{0000110b-0000-1000-8000-00805f9b34fb}_vid&000102b0_pid&0000#8&1b80f01c&0&84d3522c2b88_c00000000#{6994ad04-93ef-11d0-a3cc-00a0c9223196}\src
[2026-01-24 16:42:01] [INFO] FindEndpointsByMacAddress: endpoint Name=耳机 (Galaxy Buds+ (041A) Stereo), ConnectedDeviceId={2}.\\?\bthenum#{0000110b-0000-1000-8000-00805f9b34fb}_vid&00010075_pid&a012#8&1b80f01c&0&f88f0728041a_c00000000#{6994ad04-93ef-11d0-a3cc-00a0c9223196}\topology
[2026-01-24 16:42:01] [INFO] FindEndpointsByMacAddress: endpoint Name=耳机 (OPPO Enco Air2 Pro Hands-Free AG Audio), ConnectedDeviceId={2}.\\?\bthhfenum#bthhfpaudio#9&1d57f339&0&97#{6994ad04-93ef-11d0-a3cc-00a0c9223196}\wave
[2026-01-24 16:42:01] [INFO] FindEndpointsByMacAddress: endpoint Name=耳机 (1MORE SonoFlow Hands-Free AG Audio), ConnectedDeviceId={2}.\\?\bthhfenum#bthhfpaudio#9&20ac8014&9&97#{6994ad04-93ef-11d0-a3cc-00a0c9223196}\wave
[2026-01-24 16:42:01] [INFO] FindEndpointsByMacAddress: endpoint Name=耳机 (Galaxy Buds+ (041A) Hands-Free AG Audio), ConnectedDeviceId={2}.\\?\bthhfenum#bthhfpaudio#9&12f32910&f&97#{6994ad04-93ef-11d0-a3cc-00a0c9223196}\wave
[2026-01-24 16:42:01] [INFO] FindEndpointsByMacAddress: endpoint Name=耳机 (1MORE SonoFlow Stereo), ConnectedDeviceId={2}.\\?\bthenum#{0000110b-0000-1000-8000-00805f9b34fb}_localmfg&001d#8&1b80f01c&0&9505bb2cf7f4_c00000000#{6994ad04-93ef-11d0-a3cc-00a0c9223196}\topology
[2026-01-24 16:42:01] [INFO] FindEndpointsByMacAddress: endpoint Name=耳机 (Galaxy Buds+ (041A) Hands-Free AG Audio), ConnectedDeviceId={2}.\\?\bthhfenum#bthhfpaudio#9&12f32910&f&97#{6994ad04-93ef-11d0-a3cc-00a0c9223196}\wave
[2026-01-24 16:42:01] [INFO] FindEndpointsByMacAddress: endpoint Name=耳机 (1MORE SonoFlow Hands-Free AG Audio), ConnectedDeviceId={2}.\\?\bthhfenum#bthhfpaudio#9&20ac8014&9&97#{6994ad04-93ef-11d0-a3cc-00a0c9223196}\wave
[2026-01-24 16:42:01] [INFO] FindEndpointsByMacAddress: endpoint Name=耳机 (OPPO Enco Air2 Pro Hands-Free AG Audio), ConnectedDeviceId={2}.\\?\bthhfenum#bthhfpaudio#9&1d57f339&0&97#{6994ad04-93ef-11d0-a3cc-00a0c9223196}\wave
[2026-01-24 16:42:01] [INFO] FindEndpointsByMacAddress: endpoint Name=耳机 (OPPO Enco Air2 Pro Stereo), ConnectedDeviceId={2}.\\?\bthenum#{0000110b-0000-1000-8000-00805f9b34fb}_vid&000102b0_pid&0000#8&1b80f01c&0&84d3522c2b88_c00000000#{6994ad04-93ef-11d0-a3cc-00a0c9223196}\src
[2026-01-24 16:42:01] [INFO] FindEndpointsByMacAddress: endpoint Name=耳机 (Galaxy Buds+ (041A) Stereo), ConnectedDeviceId={2}.\\?\bthenum#{0000110b-0000-1000-8000-00805f9b34fb}_vid&00010075_pid&a012#8&1b80f01c&0&f88f0728041a_c00000000#{6994ad04-93ef-11d0-a3cc-00a0c9223196}\topology
[2026-01-24 16:42:01] [INFO] FindEndpointsByMacAddress: endpoint Name=耳机 (OPPO Enco Air2 Pro Hands-Free AG Audio), ConnectedDeviceId={2}.\\?\bthhfenum#bthhfpaudio#9&1d57f339&0&97#{6994ad04-93ef-11d0-a3cc-00a0c9223196}\wave
[2026-01-24 16:42:01] [INFO] FindEndpointsByMacAddress: endpoint Name=耳机 (1MORE SonoFlow Hands-Free AG Audio), ConnectedDeviceId={2}.\\?\bthhfenum#bthhfpaudio#9&20ac8014&9&97#{6994ad04-93ef-11d0-a3cc-00a0c9223196}\wave
[2026-01-24 16:42:01] [INFO] FindEndpointsByMacAddress: endpoint Name=耳机 (Galaxy Buds+ (041A) Hands-Free AG Audio), ConnectedDeviceId={2}.\\?\bthhfenum#bthhfpaudio#9&12f32910&f&97#{6994ad04-93ef-11d0-a3cc-00a0c9223196}\wave
[2026-01-24 16:42:01] [INFO] FindEndpointsByMacAddress: endpoint Name=耳机 (1MORE SonoFlow Stereo), ConnectedDeviceId={2}.\\?\bthenum#{0000110b-0000-1000-8000-00805f9b34fb}_localmfg&001d#8&1b80f01c&0&9505bb2cf7f4_c00000000#{6994ad04-93ef-11d0-a3cc-00a0c9223196}\topology
[2026-01-24 16:42:01] [INFO] FindEndpointsByMacAddress: endpoint Name=耳机 (Galaxy Buds+ (041A) Hands-Free AG Audio), ConnectedDeviceId={2}.\\?\bthhfenum#bthhfpaudio#9&12f32910&f&97#{6994ad04-93ef-11d0-a3cc-00a0c9223196}\wave
[2026-01-24 16:42:01] [INFO] FindEndpointsByMacAddress: endpoint Name=耳机 (1MORE SonoFlow Hands-Free AG Audio), ConnectedDeviceId={2}.\\?\bthhfenum#bthhfpaudio#9&20ac8014&9&97#{6994ad04-93ef-11d0-a3cc-00a0c9223196}\wave
[2026-01-24 16:42:01] [INFO] FindEndpointsByMacAddress: endpoint Name=耳机 (OPPO Enco Air2 Pro Hands-Free AG Audio), ConnectedDeviceId={2}.\\?\bthhfenum#bthhfpaudio#9&1d57f339&0&97#{6994ad04-93ef-11d0-a3cc-00a0c9223196}\wave
[2026-01-24 16:42:01] [INFO] FindEndpointsByMacAddress: 1 matched by MAC
[2026-01-24 16:42:01] [INFO] FindEndpointsByMacAddress: 0 matched by MAC
[2026-01-24 16:42:01] [INFO] GetBluetoothAudioEndpoints: returning 9 endpoints
[2026-01-24 16:42:01] [INFO] FindEndpointsByMacAddress: found 9 BT endpoints total
[2026-01-24 16:42:01] [INFO] FindEndpointsByMacAddress: endpoint Name=耳机 (OPPO Enco Air2 Pro Stereo), ConnectedDeviceId={2}.\\?\bthenum#{0000110b-0000-1000-8000-00805f9b34fb}_vid&000102b0_pid&0000#8&1b80f01c&0&84d3522c2b88_c00000000#{6994ad04-93ef-11d0-a3cc-00a0c9223196}\src
[2026-01-24 16:42:01] [INFO] FindEndpointsByMacAddress: endpoint Name=耳机 (Galaxy Buds+ (041A) Stereo), ConnectedDeviceId={2}.\\?\bthenum#{0000110b-0000-1000-8000-00805f9b34fb}_vid&00010075_pid&a012#8&1b80f01c&0&f88f0728041a_c00000000#{6994ad04-93ef-11d0-a3cc-00a0c9223196}\topology
[2026-01-24 16:42:01] [INFO] FindEndpointsByMacAddress: endpoint Name=耳机 (OPPO Enco Air2 Pro Hands-Free AG Audio), ConnectedDeviceId={2}.\\?\bthhfenum#bthhfpaudio#9&1d57f339&0&97#{6994ad04-93ef-11d0-a3cc-00a0c9223196}\wave
[2026-01-24 16:42:01] [INFO] FindEndpointsByMacAddress: endpoint Name=耳机 (1MORE SonoFlow Hands-Free AG Audio), ConnectedDeviceId={2}.\\?\bthhfenum#bthhfpaudio#9&20ac8014&9&97#{6994ad04-93ef-11d0-a3cc-00a0c9223196}\wave
[2026-01-24 16:42:01] [INFO] FindEndpointsByMacAddress: endpoint Name=耳机 (Galaxy Buds+ (041A) Hands-Free AG Audio), ConnectedDeviceId={2}.\\?\bthhfenum#bthhfpaudio#9&12f32910&f&97#{6994ad04-93ef-11d0-a3cc-00a0c9223196}\wave
[2026-01-24 16:42:01] [INFO] FindEndpointsByMacAddress: endpoint Name=耳机 (1MORE SonoFlow Stereo), ConnectedDeviceId={2}.\\?\bthenum#{0000110b-0000-1000-8000-00805f9b34fb}_localmfg&001d#8&1b80f01c&0&9505bb2cf7f4_c00000000#{6994ad04-93ef-11d0-a3cc-00a0c9223196}\topology
[2026-01-24 16:42:01] [INFO] FindEndpointsByMacAddress: endpoint Name=耳机 (Galaxy Buds+ (041A) Hands-Free AG Audio), ConnectedDeviceId={2}.\\?\bthhfenum#bthhfpaudio#9&12f32910&f&97#{6994ad04-93ef-11d0-a3cc-00a0c9223196}\wave
[2026-01-24 16:42:01] [INFO] FindEndpointsByMacAddress: endpoint Name=耳机 (1MORE SonoFlow Hands-Free AG Audio), ConnectedDeviceId={2}.\\?\bthhfenum#bthhfpaudio#9&20ac8014&9&97#{6994ad04-93ef-11d0-a3cc-00a0c9223196}\wave
[2026-01-24 16:42:01] [INFO] FindEndpointsByMacAddress: endpoint Name=耳机 (OPPO Enco Air2 Pro Hands-Free AG Audio), ConnectedDeviceId={2}.\\?\bthhfenum#bthhfpaudio#9&1d57f339&0&97#{6994ad04-93ef-11d0-a3cc-00a0c9223196}\wave
[2026-01-24 16:42:01] [INFO] FindEndpointsByMacAddress: 0 additional Hands-Free matched by name
[2026-01-24 16:42:01] [INFO] FindEndpointsByMacAddress: 2 additional Hands-Free matched by name
[2026-01-24 16:42:01] [INFO] FindEndpointsByMacAddress: 1 matched by MAC
[2026-01-24 16:42:01] [INFO] FindEndpointsByMacAddress: 1 matched by MAC
[2026-01-24 16:42:01] [INFO] FindEndpointsByMacAddress: 0 total matched
[2026-01-24 16:42:01] [INFO] FindEndpointsByMacAddress: 3 total matched
[2026-01-24 16:42:01] [INFO] FindEndpointsByMacAddress: 2 additional Hands-Free matched by name
[2026-01-24 16:42:01] [INFO] FindEndpointsByMacAddress: 3 total matched
[2026-01-24 16:42:01] [INFO] FindEndpointsByMacAddress: 2 additional Hands-Free matched by name
[2026-01-24 16:42:01] [INFO] [DeviceCategory] Determine for 'OPPO Enco Air2 Pro': CoD=0x0, IsAudio=True
[2026-01-24 16:42:01] [INFO] OnDeviceAdded: Device Galaxy Buds+ (041A) has Codec=AAC
[2026-01-24 16:42:01] [INFO] [DeviceCategory] Determine for 'Xbox Wireless Controller': CoD=0x0, IsAudio=False
[2026-01-24 16:42:01] [INFO] FindEndpointsByMacAddress: 3 total matched
[2026-01-24 16:42:01] [INFO] [DeviceCategory] Determine for 'Galaxy Buds+ (041A)': CoD=0x0, IsAudio=True
[2026-01-24 16:42:01] [INFO] OnDeviceAdded: Device 1MORE SonoFlow has Codec=LDAC
[2026-01-24 16:42:01] [INFO] [DeviceCategory] Determine for '1MORE SonoFlow': CoD=0x0, IsAudio=True
[2026-01-24 16:42:01] [INFO]  ReadBatteryLevelAsync: deviceId=Bluetooth#Bluetooth80:2b:f9:e1:af:44-84:d3:52:2c:2b:88
[2026-01-24 16:42:01] [INFO]  ReadBatteryLevelAsync: deviceId=BluetoothLE#BluetoothLE80:2b:f9:e1:af:44-1a:53:ac:d8:4e:27
[2026-01-24 16:42:01] [INFO]  ReadBatteryLevelAsync: deviceId=Bluetooth#Bluetooth80:2b:f9:e1:af:44-f8:8f:07:28:04:1a
[2026-01-24 16:42:01] [INFO]  ReadBatteryLevelAsync: deviceId=Bluetooth#Bluetooth80:2b:f9:e1:af:44-95:05:bb:2c:f7:f4
[2026-01-24 16:42:01] [INFO]  ReadBatteryLevelAsync: device=Xbox Wireless Controller, Type=LowEnergy, InstanceId=null, Address=1A53ACD84E27
[2026-01-24 16:42:01] [INFO]  ReadBatteryLevelAsync: trying BLE GATT
[2026-01-24 16:42:01] [INFO]  ReadBatteryLevelAsync: device=1MORE SonoFlow, Type=Classic, InstanceId=null, Address=9505BB2CF7F4
[2026-01-24 16:42:01] [INFO]  ReadBatteryLevelAsync: device=OPPO Enco Air2 Pro, Type=Classic, InstanceId=null, Address=84D3522C2B88
[2026-01-24 16:42:01] [INFO]  ReadBatteryLevelAsync: trying BTC with MAC=84D3522C2B88
[2026-01-24 16:42:01] [INFO]  ReadBatteryLevelAsync: trying BTC with MAC=9505BB2CF7F4
[2026-01-24 16:42:01] [INFO]  ReadBatteryLevelAsync: device=Galaxy Buds+ (041A), Type=Classic, InstanceId=null, Address=F88F0728041A
[2026-01-24 16:42:01] [INFO]  ReadBatteryLevelAsync: trying BTC with MAC=F88F0728041A
[2026-01-24 16:42:01] [INFO] BtcBatteryReader.ReadBatteryLevelByMac: MAC=F88F0728041A
[2026-01-24 16:42:01] [INFO] BtcBatteryReader.ReadBatteryLevelByMac: MAC=84D3522C2B88
[2026-01-24 16:42:01] [INFO] BtcBatteryReader.ReadBatteryLevelByMac: MAC=9505BB2CF7F4
[2026-01-24 16:42:01] [INFO] BtcBatteryReader: found device InstanceId=BTHENUM\{0000111E-0000-1000-8000-00805F9B34FB}_VID&00010075_PID&A012\8&1B80F01C&0&F88F0728041A_C00000000, Address=F88F0728041A, Battery=90
[2026-01-24 16:42:01] [INFO] BtcBatteryReader: found device InstanceId=BTHENUM\{0000111E-0000-1000-8000-00805F9B34FB}_VID&00010075_PID&A012\8&1B80F01C&0&F88F0728041A_C00000000, Address=F88F0728041A, Battery=90
[2026-01-24 16:42:01] [INFO] BtcBatteryReader: found device InstanceId=BTHENUM\{0000111E-0000-1000-8000-00805F9B34FB}_VID&00010075_PID&A012\8&1B80F01C&0&F88F0728041A_C00000000, Address=F88F0728041A, Battery=90
[2026-01-24 16:42:01] [INFO] BtcBatteryReader: MATCH! Returning battery=90
[2026-01-24 16:42:01] [INFO] BtcBatteryReader: found device InstanceId=BTHENUM\{0000111E-0000-1000-8000-00805F9B34FB}_LOCALMFG&001D\8&1B80F01C&0&9505BB2CF7F4_C00000000, Address=9505BB2CF7F4, Battery=100
[2026-01-24 16:42:01] [INFO] BtcBatteryReader: found device InstanceId=BTHENUM\{0000111E-0000-1000-8000-00805F9B34FB}_LOCALMFG&001D\8&1B80F01C&0&9505BB2CF7F4_C00000000, Address=9505BB2CF7F4, Battery=100
[2026-01-24 16:42:01] [INFO] BtcBatteryReader: MATCH! Returning battery=100
[2026-01-24 16:42:01] [INFO] BtcBatteryReader: found device InstanceId=BTHENUM\{0000111E-0000-1000-8000-00805F9B34FB}_VID&000102B0_PID&0000\8&1B80F01C&0&84D3522C2B88_C00000000, Address=84D3522C2B88, Battery=70
[2026-01-24 16:42:01] [INFO] BtcBatteryReader: MATCH! Returning battery=70
[2026-01-24 16:42:01] [INFO]  ReadBatteryLevelAsync: BTC MAC result=90
[2026-01-24 16:42:01] [INFO]  ReadBatteryLevelAsync: BTC MAC result=100
[2026-01-24 16:42:01] [INFO]  ReadBatteryLevelAsync: BTC MAC result=70
[2026-01-24 16:42:01] [INFO]  ReadBatteryLevelAsync: final result=90
[2026-01-24 16:42:01] [INFO]  ReadBatteryLevelAsync: final result=100
[2026-01-24 16:42:01] [INFO]  ReadBatteryLevelAsync: final result=70
[2026-01-24 16:42:01] [INFO]  ReadBatteryLevelAsync: BLE result=null
[2026-01-24 16:42:01] [INFO]  ReadBatteryLevelAsync: trying BTC with MAC=1A53ACD84E27
[2026-01-24 16:42:01] [INFO] BtcBatteryReader.ReadBatteryLevelByMac: MAC=1A53ACD84E27
[2026-01-24 16:42:01] [INFO] BtcBatteryReader: found device InstanceId=BTHENUM\{0000111E-0000-1000-8000-00805F9B34FB}_VID&00010075_PID&A012\8&1B80F01C&0&F88F0728041A_C00000000, Address=F88F0728041A, Battery=90
[2026-01-24 16:42:01] [INFO] BtcBatteryReader: found device InstanceId=BTHENUM\{0000111E-0000-1000-8000-00805F9B34FB}_LOCALMFG&001D\8&1B80F01C&0&9505BB2CF7F4_C00000000, Address=9505BB2CF7F4, Battery=100
[2026-01-24 16:42:01] [INFO] BtcBatteryReader: found device InstanceId=BTHENUM\{0000111E-0000-1000-8000-00805F9B34FB}_VID&000102B0_PID&0000\8&1B80F01C&0&84D3522C2B88_C00000000, Address=84D3522C2B88, Battery=70
[2026-01-24 16:42:01] [INFO] BtcBatteryReader: enumerated 3 BTHENUM devices, no match for 1A53ACD84E27
[2026-01-24 16:42:01] [INFO]  ReadBatteryLevelAsync: BTC MAC result=null
[2026-01-24 16:42:01] [INFO]  ReadBatteryLevelAsync: final result=null
[2026-01-24 16:42:02] [INFO] FlyoutWindow: 正在初始化...
[2026-01-24 16:42:02] [INFO] FlyoutWindow: 初始化完成。
[2026-01-24 16:42:02] [INFO]  ReadBatteryLevelAsync: deviceId=Bluetooth#Bluetooth80:2b:f9:e1:af:44-f8:8f:07:28:04:1a
[2026-01-24 16:42:02] [INFO]  ReadBatteryLevelAsync: device=Galaxy Buds+ (041A), Type=Classic, InstanceId=null, Address=F88F0728041A
[2026-01-24 16:42:02] [INFO]  ReadBatteryLevelAsync: trying BTC with MAC=F88F0728041A
[2026-01-24 16:42:02] [INFO] BtcBatteryReader.ReadBatteryLevelByMac: MAC=F88F0728041A
[2026-01-24 16:42:02] [INFO] BtcBatteryReader: found device InstanceId=BTHENUM\{0000111E-0000-1000-8000-00805F9B34FB}_VID&00010075_PID&A012\8&1B80F01C&0&F88F0728041A_C00000000, Address=F88F0728041A, Battery=90
[2026-01-24 16:42:02] [INFO] BtcBatteryReader: MATCH! Returning battery=90
[2026-01-24 16:42:02] [INFO]  ReadBatteryLevelAsync: BTC MAC result=90
[2026-01-24 16:42:02] [INFO]  ReadBatteryLevelAsync: final result=90
[2026-01-24 16:42:02] [INFO]  ReadBatteryLevelAsync: deviceId=Bluetooth#Bluetooth80:2b:f9:e1:af:44-95:05:bb:2c:f7:f4
[2026-01-24 16:42:02] [INFO]  ReadBatteryLevelAsync: device=1MORE SonoFlow, Type=Classic, InstanceId=null, Address=9505BB2CF7F4
[2026-01-24 16:42:02] [INFO]  ReadBatteryLevelAsync: trying BTC with MAC=9505BB2CF7F4
[2026-01-24 16:42:02] [INFO] BtcBatteryReader.ReadBatteryLevelByMac: MAC=9505BB2CF7F4
[2026-01-24 16:42:02] [INFO] BtcBatteryReader: found device InstanceId=BTHENUM\{0000111E-0000-1000-8000-00805F9B34FB}_VID&00010075_PID&A012\8&1B80F01C&0&F88F0728041A_C00000000, Address=F88F0728041A, Battery=90
[2026-01-24 16:42:02] [INFO] BtcBatteryReader: found device InstanceId=BTHENUM\{0000111E-0000-1000-8000-00805F9B34FB}_LOCALMFG&001D\8&1B80F01C&0&9505BB2CF7F4_C00000000, Address=9505BB2CF7F4, Battery=100
[2026-01-24 16:42:02] [INFO] BtcBatteryReader: MATCH! Returning battery=100
[2026-01-24 16:42:02] [INFO]  ReadBatteryLevelAsync: BTC MAC result=100
[2026-01-24 16:42:02] [INFO]  ReadBatteryLevelAsync: final result=100
[2026-01-24 16:42:31] [INFO]  ReadBatteryLevelAsync: deviceId=Bluetooth#Bluetooth80:2b:f9:e1:af:44-95:05:bb:2c:f7:f4
[2026-01-24 16:42:31] [INFO]  ReadBatteryLevelAsync: device=1MORE SonoFlow, Type=Classic, InstanceId=null, Address=9505BB2CF7F4
[2026-01-24 16:42:31] [INFO]  ReadBatteryLevelAsync: trying BTC with MAC=9505BB2CF7F4
[2026-01-24 16:42:31] [INFO] BtcBatteryReader.ReadBatteryLevelByMac: MAC=9505BB2CF7F4
[2026-01-24 16:42:31] [INFO] BtcBatteryReader: found device InstanceId=BTHENUM\{0000111E-0000-1000-8000-00805F9B34FB}_VID&00010075_PID&A012\8&1B80F01C&0&F88F0728041A_C00000000, Address=F88F0728041A, Battery=90
[2026-01-24 16:42:31] [INFO] BtcBatteryReader: found device InstanceId=BTHENUM\{0000111E-0000-1000-8000-00805F9B34FB}_LOCALMFG&001D\8&1B80F01C&0&9505BB2CF7F4_C00000000, Address=9505BB2CF7F4, Battery=100
[2026-01-24 16:42:31] [INFO] BtcBatteryReader: MATCH! Returning battery=100
[2026-01-24 16:42:31] [INFO]  ReadBatteryLevelAsync: BTC MAC result=100
[2026-01-24 16:42:31] [INFO]  ReadBatteryLevelAsync: final result=100
[2026-01-24 16:42:47] [INFO] 程序正在退出...
